<?xml version="1.0" encoding="UTF-8"?>
<!-- Generated by org.testng.reporters.JUnitReportReporter -->
<testsuite hostname="CBT-LAB-014" name="qsp.Demo" tests="1" failures="0" timestamp="3 Feb 2018 09:26:06 GMT" time="4.940" errors="0">
  <testcase name="TestA" time="4.940" classname="qsp.Demo"/>
</testsuite> <!-- qsp.Demo -->
